# JRE version: Java(TM) SE Runtime Environment (17.0.9+11) (build 17.0.9+11-LTS-201)
# Java VM: Java HotSpot(TM) 64-Bit Server VM (17.0.9+11-LTS-201, mixed mode, sharing, tiered, compressed oops, compressed class ptrs, g1 gc, linux-amd64)
GC Precious Log:
 CPUs: 8 total, 8 available
 Memory: 15893M
 Large Page Support: Disabled
 NUMA Support: Disabled
 Compressed Oops: Enabled (Zero based)
 Heap Region Size: 2M
 Heap Min Capacity: 8M
 Heap Initial Capacity: 250M
 Heap Max Capacity: 3974M
 Pre-touch: Disabled
 Parallel Workers: 8
 Concurrent Workers: 2
 Concurrent Refinement Workers: 8
 Periodic GC: Disabled
Heap:
 garbage-first heap   total 75776K, used 30961K [0x0000000707a00000, 0x0000000800000000)
  region size 2048K, 12 young (24576K), 4 survivors (8192K)
 Metaspace       used 23920K, committed 24192K, reserved 1114112K
  class space    used 3362K, committed 3520K, reserved 1048576K
GC Heap History (6 events):
Event: 0.605 GC heap before
{Heap before GC invocations=0 (full 0):
 garbage-first heap   total 260096K, used 22508K [0x0000000707a00000, 0x0000000800000000)
  region size 2048K, 11 young (22528K), 0 survivors (0K)
 Metaspace       used 6358K, committed 6592K, reserved 1114112K
  class space    used 764K, committed 896K, reserved 1048576K
}
Event: 0.609 GC heap after
{Heap after GC invocations=1 (full 0):
 garbage-first heap   total 260096K, used 4769K [0x0000000707a00000, 0x0000000800000000)
  region size 2048K, 2 young (4096K), 2 survivors (4096K)
 Metaspace       used 6358K, committed 6592K, reserved 1114112K
  class space    used 764K, committed 896K, reserved 1048576K
}
Event: 1.661 GC heap before
{Heap before GC invocations=1 (full 0):
 garbage-first heap   total 260096K, used 66209K [0x0000000707a00000, 0x0000000800000000)
  region size 2048K, 32 young (65536K), 2 survivors (4096K)
 Metaspace       used 20259K, committed 20544K, reserved 1114112K
  class space    used 2839K, committed 2944K, reserved 1048576K
}
Event: 1.670 GC heap after
{Heap after GC invocations=2 (full 0):
 garbage-first heap   total 260096K, used 13453K [0x0000000707a00000, 0x0000000800000000)
  region size 2048K, 4 young (8192K), 4 survivors (8192K)
 Metaspace       used 20259K, committed 20544K, reserved 1114112K
  class space    used 2839K, committed 2944K, reserved 1048576K
}
Event: 1.741 GC heap before
{Heap before GC invocations=2 (full 0):
 garbage-first heap   total 260096K, used 19597K [0x0000000707a00000, 0x0000000800000000)
  region size 2048K, 7 young (14336K), 4 survivors (8192K)
 Metaspace       used 21187K, committed 21504K, reserved 1114112K
  class space    used 2946K, committed 3136K, reserved 1048576K
}
Event: 1.747 GC heap after
{Heap after GC invocations=3 (full 0):
 garbage-first heap   total 260096K, used 16625K [0x0000000707a00000, 0x0000000800000000)
  region size 2048K, 4 young (8192K), 4 survivors (8192K)
 Metaspace       used 21187K, committed 21504K, reserved 1114112K
  class space    used 2946K, committed 3136K, reserved 1048576K
}

